2023-12-03 00:57:36.515 febs [Thread-32] INFO  org.quartz.core.QuartzScheduler - Scheduler quartzScheduler_$_NON_CLUSTERED paused.
2023-12-03 00:57:36.518 febs [Thread-32] INFO  o.s.s.c.ThreadPoolTaskScheduler - Shutting down ExecutorService 'taskScheduler'
2023-12-03 00:57:36.518 febs [Thread-32] INFO  o.s.s.quartz.SchedulerFactoryBean - Shutting down Quartz Scheduler
2023-12-03 00:57:36.518 febs [Thread-32] INFO  org.quartz.core.QuartzScheduler - Scheduler quartzScheduler_$_NON_CLUSTERED shutting down.
2023-12-03 00:57:36.518 febs [Thread-32] INFO  org.quartz.core.QuartzScheduler - Scheduler quartzScheduler_$_NON_CLUSTERED paused.
2023-12-03 00:57:36.519 febs [Thread-32] INFO  org.quartz.core.QuartzScheduler - Scheduler quartzScheduler_$_NON_CLUSTERED shutdown complete.
2023-12-03 00:57:36.527 febs [Thread-32] INFO  o.s.s.c.ThreadPoolTaskExecutor - Shutting down ExecutorService 'taskExecutor'
2023-12-03 00:57:36.533 febs [Thread-32] INFO  c.b.d.d.DynamicRoutingDataSource - dynamic-datasource start closing ....
2023-12-03 00:57:36.534 febs [Thread-32] INFO  com.zaxxer.hikari.HikariDataSource - primary - Shutdown initiated...
2023-12-03 00:57:36.539 febs [Thread-32] INFO  com.zaxxer.hikari.HikariDataSource - primary - Shutdown completed.
2023-12-03 00:57:36.539 febs [Thread-32] INFO  c.b.d.d.DynamicRoutingDataSource - dynamic-datasource all closed success,bye
2023-12-03 00:57:36.542 febs [Thread-32] INFO  io.undertow.servlet - Destroying Spring FrameworkServlet 'dispatcherServlet'
2023-12-03 00:59:47.846 febs [restartedMain] INFO  com.moil.hafen.HaFenApplication - Starting HaFenApplication on LAPTOP-13TDT97H with PID 17052 (D:\jetbrains\ideaProjects\hafen\target\classes started by zhouyok in D:\jetbrains\ideaProjects\hafen)
2023-12-03 00:59:47.848 febs [restartedMain] INFO  com.moil.hafen.HaFenApplication - The following profiles are active: dev
2023-12-03 00:59:47.876 febs [restartedMain] INFO  o.s.b.d.e.DevToolsPropertyDefaultsPostProcessor - Devtools property defaults active! Set 'spring.devtools.add-properties' to 'false' to disable
2023-12-03 00:59:47.876 febs [restartedMain] INFO  o.s.b.d.e.DevToolsPropertyDefaultsPostProcessor - For additional web related logging consider setting the 'logging.level.web' property to 'DEBUG'
2023-12-03 00:59:48.679 febs [restartedMain] INFO  o.s.d.r.c.RepositoryConfigurationDelegate - Multiple Spring Data modules found, entering strict repository configuration mode!
2023-12-03 00:59:48.680 febs [restartedMain] INFO  o.s.d.r.c.RepositoryConfigurationDelegate - Bootstrapping Spring Data repositories in DEFAULT mode.
2023-12-03 00:59:48.711 febs [restartedMain] INFO  o.s.d.r.c.RepositoryConfigurationDelegate - Finished Spring Data repository scanning in 25ms. Found 0 repository interfaces.
2023-12-03 00:59:48.952 febs [restartedMain] INFO  c.u.j.c.EnableEncryptablePropertiesBeanFactoryPostProcessor - Post-processing PropertySource instances
2023-12-03 00:59:48.952 febs [restartedMain] INFO  c.u.j.EncryptablePropertySourceConverter - Skipping PropertySource configurationProperties [class org.springframework.boot.context.properties.source.ConfigurationPropertySourcesPropertySource
2023-12-03 00:59:48.952 febs [restartedMain] INFO  c.u.j.EncryptablePropertySourceConverter - Skipping PropertySource servletConfigInitParams [class org.springframework.core.env.PropertySource$StubPropertySource
2023-12-03 00:59:48.952 febs [restartedMain] INFO  c.u.j.EncryptablePropertySourceConverter - Skipping PropertySource servletContextInitParams [class org.springframework.core.env.PropertySource$StubPropertySource
2023-12-03 00:59:48.953 febs [restartedMain] INFO  c.u.j.EncryptablePropertySourceConverter - Converting PropertySource systemProperties [org.springframework.core.env.PropertiesPropertySource] to EncryptableMapPropertySourceWrapper
2023-12-03 00:59:48.953 febs [restartedMain] INFO  c.u.j.EncryptablePropertySourceConverter - Converting PropertySource systemEnvironment [org.springframework.boot.env.SystemEnvironmentPropertySourceEnvironmentPostProcessor$OriginAwareSystemEnvironmentPropertySource] to EncryptableSystemEnvironmentPropertySourceWrapper
2023-12-03 00:59:48.954 febs [restartedMain] INFO  c.u.j.EncryptablePropertySourceConverter - Converting PropertySource random [org.springframework.boot.env.RandomValuePropertySource] to EncryptablePropertySourceWrapper
2023-12-03 00:59:48.954 febs [restartedMain] INFO  c.u.j.EncryptablePropertySourceConverter - Converting PropertySource applicationConfig: [classpath:/application-dev.yml] [org.springframework.boot.env.OriginTrackedMapPropertySource] to EncryptableMapPropertySourceWrapper
2023-12-03 00:59:48.955 febs [restartedMain] INFO  c.u.j.EncryptablePropertySourceConverter - Converting PropertySource applicationConfig: [classpath:/application.yml] [org.springframework.boot.env.OriginTrackedMapPropertySource] to EncryptableMapPropertySourceWrapper
2023-12-03 00:59:48.955 febs [restartedMain] INFO  c.u.j.EncryptablePropertySourceConverter - Converting PropertySource devtools [org.springframework.core.env.MapPropertySource] to EncryptableMapPropertySourceWrapper
2023-12-03 00:59:48.972 febs [restartedMain] INFO  o.s.c.s.PostProcessorRegistrationDelegate$BeanPostProcessorChecker - Bean 'asyncExecutorPoolConfig' of type [com.moil.hafen.common.config.AsyncExecutorPoolConfig$$EnhancerBySpringCGLIB$$a4bca49d] is not eligible for getting processed by all BeanPostProcessors (for example: not eligible for auto-proxying)
