2023-12-02 23:28:47.276 febs [restartedMain] INFO  com.moil.hafen.HaFenApplication - Starting HaFenApplication on LAPTOP-13TDT97H with PID 27292 (D:\jetbrains\ideaProjects\hafen\target\classes started by zhouyok in D:\jetbrains\ideaProjects\hafen)
2023-12-02 23:28:47.277 febs [restartedMain] INFO  com.moil.hafen.HaFenApplication - The following profiles are active: dev
2023-12-02 23:28:47.300 febs [restartedMain] INFO  o.s.b.d.e.DevToolsPropertyDefaultsPostProcessor - Devtools property defaults active! Set 'spring.devtools.add-properties' to 'false' to disable
2023-12-02 23:28:47.300 febs [restartedMain] INFO  o.s.b.d.e.DevToolsPropertyDefaultsPostProcessor - For additional web related logging consider setting the 'logging.level.web' property to 'DEBUG'
2023-12-02 23:28:51.848 febs [restartedMain] INFO  o.s.d.r.c.RepositoryConfigurationDelegate - Multiple Spring Data modules found, entering strict repository configuration mode!
2023-12-02 23:28:51.849 febs [restartedMain] INFO  o.s.d.r.c.RepositoryConfigurationDelegate - Bootstrapping Spring Data repositories in DEFAULT mode.
2023-12-02 23:28:51.884 febs [restartedMain] INFO  o.s.d.r.c.RepositoryConfigurationDelegate - Finished Spring Data repository scanning in 29ms. Found 0 repository interfaces.
2023-12-02 23:28:52.137 febs [restartedMain] INFO  c.u.j.c.EnableEncryptablePropertiesBeanFactoryPostProcessor - Post-processing PropertySource instances
2023-12-02 23:28:52.137 febs [restartedMain] INFO  c.u.j.EncryptablePropertySourceConverter - Skipping PropertySource configurationProperties [class org.springframework.boot.context.properties.source.ConfigurationPropertySourcesPropertySource
2023-12-02 23:28:52.137 febs [restartedMain] INFO  c.u.j.EncryptablePropertySourceConverter - Skipping PropertySource servletConfigInitParams [class org.springframework.core.env.PropertySource$StubPropertySource
2023-12-02 23:28:52.137 febs [restartedMain] INFO  c.u.j.EncryptablePropertySourceConverter - Skipping PropertySource servletContextInitParams [class org.springframework.core.env.PropertySource$StubPropertySource
2023-12-02 23:28:52.138 febs [restartedMain] INFO  c.u.j.EncryptablePropertySourceConverter - Converting PropertySource systemProperties [org.springframework.core.env.PropertiesPropertySource] to EncryptableMapPropertySourceWrapper
2023-12-02 23:28:52.138 febs [restartedMain] INFO  c.u.j.EncryptablePropertySourceConverter - Converting PropertySource systemEnvironment [org.springframework.boot.env.SystemEnvironmentPropertySourceEnvironmentPostProcessor$OriginAwareSystemEnvironmentPropertySource] to EncryptableSystemEnvironmentPropertySourceWrapper
2023-12-02 23:28:52.138 febs [restartedMain] INFO  c.u.j.EncryptablePropertySourceConverter - Converting PropertySource random [org.springframework.boot.env.RandomValuePropertySource] to EncryptablePropertySourceWrapper
2023-12-02 23:28:52.138 febs [restartedMain] INFO  c.u.j.EncryptablePropertySourceConverter - Converting PropertySource applicationConfig: [classpath:/application-dev.yml] [org.springframework.boot.env.OriginTrackedMapPropertySource] to EncryptableMapPropertySourceWrapper
2023-12-02 23:28:52.138 febs [restartedMain] INFO  c.u.j.EncryptablePropertySourceConverter - Converting PropertySource applicationConfig: [classpath:/application.yml] [org.springframework.boot.env.OriginTrackedMapPropertySource] to EncryptableMapPropertySourceWrapper
2023-12-02 23:28:52.138 febs [restartedMain] INFO  c.u.j.EncryptablePropertySourceConverter - Converting PropertySource devtools [org.springframework.core.env.MapPropertySource] to EncryptableMapPropertySourceWrapper
2023-12-02 23:28:52.154 febs [restartedMain] INFO  o.s.c.s.PostProcessorRegistrationDelegate$BeanPostProcessorChecker - Bean 'asyncExecutorPoolConfig' of type [com.moil.hafen.common.config.AsyncExecutorPoolConfig$$EnhancerBySpringCGLIB$$d14e15ec] is not eligible for getting processed by all BeanPostProcessors (for example: not eligible for auto-proxying)
2023-12-02 23:28:52.218 febs [restartedMain] INFO  c.u.j.f.DefaultLazyPropertyFilter - Property Filter custom Bean not found with name 'encryptablePropertyFilter'. Initializing Default Property Filter
2023-12-02 23:28:52.220 febs [restartedMain] INFO  c.u.j.r.DefaultLazyPropertyResolver - Property Resolver custom Bean not found with name 'encryptablePropertyResolver'. Initializing Default Property Resolver
2023-12-02 23:28:52.221 febs [restartedMain] INFO  c.u.j.d.DefaultLazyPropertyDetector - Property Detector custom Bean not found with name 'encryptablePropertyDetector'. Initializing Default Property Detector
2023-12-02 23:28:52.224 febs [restartedMain] INFO  o.s.c.s.PostProcessorRegistrationDelegate$BeanPostProcessorChecker - Bean 'spring.datasource.dynamic-com.baomidou.dynamic.datasource.spring.boot.autoconfigure.DynamicDataSourceProperties' of type [com.baomidou.dynamic.datasource.spring.boot.autoconfigure.DynamicDataSourceProperties] is not eligible for getting processed by all BeanPostProcessors (for example: not eligible for auto-proxying)
2023-12-02 23:28:52.269 febs [restartedMain] INFO  o.s.c.s.PostProcessorRegistrationDelegate$BeanPostProcessorChecker - Bean 'com.baomidou.dynamic.datasource.spring.boot.autoconfigure.DynamicDataSourceAutoConfiguration' of type [com.baomidou.dynamic.datasource.spring.boot.autoconfigure.DynamicDataSourceAutoConfiguration$$EnhancerBySpringCGLIB$$98e699c8] is not eligible for getting processed by all BeanPostProcessors (for example: not eligible for auto-proxying)
2023-12-02 23:28:52.273 febs [restartedMain] INFO  o.s.c.s.PostProcessorRegistrationDelegate$BeanPostProcessorChecker - Bean 'dsProcessor' of type [com.baomidou.dynamic.datasource.processor.DsHeaderProcessor] is not eligible for getting processed by all BeanPostProcessors (for example: not eligible for auto-proxying)
2023-12-02 23:28:52.275 febs [restartedMain] INFO  o.s.c.s.PostProcessorRegistrationDelegate$BeanPostProcessorChecker - Bean 'dynamicDatasourceAnnotationAdvisor' of type [com.baomidou.dynamic.datasource.aop.DynamicDataSourceAnnotationAdvisor] is not eligible for getting processed by all BeanPostProcessors (for example: not eligible for auto-proxying)
2023-12-02 23:28:52.281 febs [restartedMain] INFO  o.s.c.s.PostProcessorRegistrationDelegate$BeanPostProcessorChecker - Bean 'org.springframework.transaction.annotation.ProxyTransactionManagementConfiguration' of type [org.springframework.transaction.annotation.ProxyTransactionManagementConfiguration$$EnhancerBySpringCGLIB$$2f5828f7] is not eligible for getting processed by all BeanPostProcessors (for example: not eligible for auto-proxying)
2023-12-02 23:28:52.288 febs [restartedMain] INFO  o.s.c.s.PostProcessorRegistrationDelegate$BeanPostProcessorChecker - Bean 'shiroConfig' of type [com.moil.hafen.common.authentication.ShiroConfig$$EnhancerBySpringCGLIB$$eb7a1668] is not eligible for getting processed by all BeanPostProcessors (for example: not eligible for auto-proxying)
2023-12-02 23:28:52.612 febs [restartedMain] INFO  o.s.c.s.PostProcessorRegistrationDelegate$BeanPostProcessorChecker - Bean 'redisConfig' of type [com.moil.hafen.common.config.RedisConfig$$EnhancerBySpringCGLIB$$5aab15bc] is not eligible for getting processed by all BeanPostProcessors (for example: not eligible for auto-proxying)
2023-12-02 23:28:52.623 febs [restartedMain] INFO  o.s.c.s.PostProcessorRegistrationDelegate$BeanPostProcessorChecker - Bean 'redisPoolFactory' of type [redis.clients.jedis.JedisPool] is not eligible for getting processed by all BeanPostProcessors (for example: not eligible for auto-proxying)
2023-12-02 23:28:52.625 febs [restartedMain] INFO  o.s.c.s.PostProcessorRegistrationDelegate$BeanPostProcessorChecker - Bean 'redisService' of type [com.moil.hafen.common.service.impl.RedisServiceImpl] is not eligible for getting processed by all BeanPostProcessors (for example: not eligible for auto-proxying)
2023-12-02 23:28:52.650 febs [restartedMain] INFO  o.s.c.s.PostProcessorRegistrationDelegate$BeanPostProcessorChecker - Bean 'mybatis-plus-com.baomidou.mybatisplus.autoconfigure.MybatisPlusProperties' of type [com.baomidou.mybatisplus.autoconfigure.MybatisPlusProperties] is not eligible for getting processed by all BeanPostProcessors (for example: not eligible for auto-proxying)
2023-12-02 23:28:52.654 febs [restartedMain] INFO  o.s.c.s.PostProcessorRegistrationDelegate$BeanPostProcessorChecker - Bean 'mybatisPlusConfig' of type [com.moil.hafen.common.config.MybatisPlusConfig$$EnhancerBySpringCGLIB$$7719c2ce] is not eligible for getting processed by all BeanPostProcessors (for example: not eligible for auto-proxying)
2023-12-02 23:28:52.656 febs [restartedMain] INFO  o.s.c.s.PostProcessorRegistrationDelegate$BeanPostProcessorChecker - Bean 'paginationInterceptor' of type [com.baomidou.mybatisplus.extension.plugins.PaginationInterceptor] is not eligible for getting processed by all BeanPostProcessors (for example: not eligible for auto-proxying)
2023-12-02 23:28:52.664 febs [restartedMain] INFO  o.s.c.s.PostProcessorRegistrationDelegate$BeanPostProcessorChecker - Bean 'com.baomidou.mybatisplus.autoconfigure.MybatisPlusAutoConfiguration' of type [com.baomidou.mybatisplus.autoconfigure.MybatisPlusAutoConfiguration$$EnhancerBySpringCGLIB$$6d209591] is not eligible for getting processed by all BeanPostProcessors (for example: not eligible for auto-proxying)
2023-12-02 23:28:52.671 febs [restartedMain] INFO  o.s.c.s.PostProcessorRegistrationDelegate$BeanPostProcessorChecker - Bean 'dynamicDataSourceCreator' of type [com.baomidou.dynamic.datasource.DynamicDataSourceCreator] is not eligible for getting processed by all BeanPostProcessors (for example: not eligible for auto-proxying)
2023-12-02 23:28:52.672 febs [restartedMain] INFO  o.s.c.s.PostProcessorRegistrationDelegate$BeanPostProcessorChecker - Bean 'dynamicDataSourceProvider' of type [com.baomidou.dynamic.datasource.provider.YmlDynamicDataSourceProvider] is not eligible for getting processed by all BeanPostProcessors (for example: not eligible for auto-proxying)
2023-12-02 23:28:52.674 febs [restartedMain] INFO  c.b.d.d.DynamicRoutingDataSource - dynamic-datasource detect P6SPY plugin and enabled it
2023-12-02 23:28:52.680 febs [restartedMain] INFO  com.zaxxer.hikari.HikariDataSource - primary - Starting...
2023-12-02 23:28:52.853 febs [restartedMain] INFO  com.zaxxer.hikari.HikariDataSource - primary - Start completed.
2023-12-02 23:28:52.853 febs [restartedMain] INFO  c.b.d.d.DynamicRoutingDataSource - dynamic-datasource - load a datasource named [primary] success
2023-12-02 23:28:52.853 febs [restartedMain] INFO  c.b.d.d.DynamicRoutingDataSource - dynamic-datasource initial loaded [1] datasource,primary datasource named [primary]
2023-12-02 23:28:52.853 febs [restartedMain] INFO  o.s.c.s.PostProcessorRegistrationDelegate$BeanPostProcessorChecker - Bean 'dataSource' of type [com.baomidou.dynamic.datasource.DynamicRoutingDataSource] is not eligible for getting processed by all BeanPostProcessors (for example: not eligible for auto-proxying)
2023-12-02 23:28:52.862 febs [restartedMain] INFO  o.s.c.s.PostProcessorRegistrationDelegate$BeanPostProcessorChecker - Bean 'spring.datasource-org.springframework.boot.autoconfigure.jdbc.DataSourceProperties' of type [org.springframework.boot.autoconfigure.jdbc.DataSourceProperties] is not eligible for getting processed by all BeanPostProcessors (for example: not eligible for auto-proxying)
2023-12-02 23:28:52.867 febs [restartedMain] INFO  o.s.c.s.PostProcessorRegistrationDelegate$BeanPostProcessorChecker - Bean 'org.springframework.boot.autoconfigure.jdbc.DataSourceInitializerInvoker' of type [org.springframework.boot.autoconfigure.jdbc.DataSourceInitializerInvoker] is not eligible for getting processed by all BeanPostProcessors (for example: not eligible for auto-proxying)
2023-12-02 23:28:53.107 febs [restartedMain] INFO  o.s.c.s.PostProcessorRegistrationDelegate$BeanPostProcessorChecker - Bean 'sqlSessionFactory' of type [org.apache.ibatis.session.defaults.DefaultSqlSessionFactory] is not eligible for getting processed by all BeanPostProcessors (for example: not eligible for auto-proxying)
2023-12-02 23:28:53.112 febs [restartedMain] INFO  o.s.c.s.PostProcessorRegistrationDelegate$BeanPostProcessorChecker - Bean 'sqlSessionTemplate' of type [org.mybatis.spring.SqlSessionTemplate] is not eligible for getting processed by all BeanPostProcessors (for example: not eligible for auto-proxying)
2023-12-02 23:28:53.127 febs [restartedMain] INFO  o.s.c.s.PostProcessorRegistrationDelegate$BeanPostProcessorChecker - Bean 'roleMenuMapper' of type [org.mybatis.spring.mapper.MapperFactoryBean] is not eligible for getting processed by all BeanPostProcessors (for example: not eligible for auto-proxying)
2023-12-02 23:28:53.128 febs [restartedMain] INFO  o.s.c.s.PostProcessorRegistrationDelegate$BeanPostProcessorChecker - Bean 'roleMenuMapper' of type [com.sun.proxy.$Proxy120] is not eligible for getting processed by all BeanPostProcessors (for example: not eligible for auto-proxying)
2023-12-02 23:28:53.134 febs [restartedMain] INFO  o.s.c.s.PostProcessorRegistrationDelegate$BeanPostProcessorChecker - Bean 'userRoleMapper' of type [org.mybatis.spring.mapper.MapperFactoryBean] is not eligible for getting processed by all BeanPostProcessors (for example: not eligible for auto-proxying)
2023-12-02 23:28:53.135 febs [restartedMain] INFO  o.s.c.s.PostProcessorRegistrationDelegate$BeanPostProcessorChecker - Bean 'userRoleMapper' of type [com.sun.proxy.$Proxy122] is not eligible for getting processed by all BeanPostProcessors (for example: not eligible for auto-proxying)
2023-12-02 23:28:53.136 febs [restartedMain] INFO  o.s.c.s.PostProcessorRegistrationDelegate$BeanPostProcessorChecker - Bean 'userRoleService' of type [com.moil.hafen.system.service.impl.UserRoleServiceImpl] is not eligible for getting processed by all BeanPostProcessors (for example: not eligible for auto-proxying)
2023-12-02 23:28:53.160 febs [restartedMain] INFO  o.s.c.s.PostProcessorRegistrationDelegate$BeanPostProcessorChecker - Bean 'roleMenuService' of type [com.moil.hafen.system.service.impl.RoleMenuServiceImpl] is not eligible for getting processed by all BeanPostProcessors (for example: not eligible for auto-proxying)
2023-12-02 23:28:53.172 febs [restartedMain] INFO  o.s.c.s.PostProcessorRegistrationDelegate$BeanPostProcessorChecker - Bean 'roleMapper' of type [org.mybatis.spring.mapper.MapperFactoryBean] is not eligible for getting processed by all BeanPostProcessors (for example: not eligible for auto-proxying)
2023-12-02 23:28:53.173 febs [restartedMain] INFO  o.s.c.s.PostProcessorRegistrationDelegate$BeanPostProcessorChecker - Bean 'roleMapper' of type [com.sun.proxy.$Proxy125] is not eligible for getting processed by all BeanPostProcessors (for example: not eligible for auto-proxying)
2023-12-02 23:28:53.174 febs [restartedMain] INFO  o.s.c.s.PostProcessorRegistrationDelegate$BeanPostProcessorChecker - Bean 'roleService' of type [com.moil.hafen.system.service.impl.RoleServiceImpl] is not eligible for getting processed by all BeanPostProcessors (for example: not eligible for auto-proxying)
2023-12-02 23:28:53.186 febs [restartedMain] INFO  o.s.c.s.PostProcessorRegistrationDelegate$BeanPostProcessorChecker - Bean 'menuMapper' of type [org.mybatis.spring.mapper.MapperFactoryBean] is not eligible for getting processed by all BeanPostProcessors (for example: not eligible for auto-proxying)
2023-12-02 23:28:53.187 febs [restartedMain] INFO  o.s.c.s.PostProcessorRegistrationDelegate$BeanPostProcessorChecker - Bean 'menuMapper' of type [com.sun.proxy.$Proxy127] is not eligible for getting processed by all BeanPostProcessors (for example: not eligible for auto-proxying)
2023-12-02 23:28:53.187 febs [restartedMain] INFO  o.s.c.s.PostProcessorRegistrationDelegate$BeanPostProcessorChecker - Bean 'menuService' of type [com.moil.hafen.system.service.impl.MenuServiceImpl] is not eligible for getting processed by all BeanPostProcessors (for example: not eligible for auto-proxying)
2023-12-02 23:28:53.198 febs [restartedMain] INFO  o.s.c.s.PostProcessorRegistrationDelegate$BeanPostProcessorChecker - Bean 'userMapper' of type [org.mybatis.spring.mapper.MapperFactoryBean] is not eligible for getting processed by all BeanPostProcessors (for example: not eligible for auto-proxying)
2023-12-02 23:28:53.199 febs [restartedMain] INFO  o.s.c.s.PostProcessorRegistrationDelegate$BeanPostProcessorChecker - Bean 'userMapper' of type [com.sun.proxy.$Proxy129] is not eligible for getting processed by all BeanPostProcessors (for example: not eligible for auto-proxying)
2023-12-02 23:28:53.200 febs [restartedMain] INFO  o.s.c.s.PostProcessorRegistrationDelegate$BeanPostProcessorChecker - Bean 'userService' of type [com.moil.hafen.system.service.impl.UserServiceImpl] is not eligible for getting processed by all BeanPostProcessors (for example: not eligible for auto-proxying)
2023-12-02 23:28:53.214 febs [restartedMain] INFO  o.s.c.s.PostProcessorRegistrationDelegate$BeanPostProcessorChecker - Bean 'userManager' of type [com.moil.hafen.system.manager.UserManager] is not eligible for getting processed by all BeanPostProcessors (for example: not eligible for auto-proxying)
2023-12-02 23:28:53.214 febs [restartedMain] INFO  o.s.c.s.PostProcessorRegistrationDelegate$BeanPostProcessorChecker - Bean 'shiroRealm' of type [com.moil.hafen.common.authentication.ShiroRealm] is not eligible for getting processed by all BeanPostProcessors (for example: not eligible for auto-proxying)
2023-12-02 23:28:53.218 febs [restartedMain] INFO  o.s.c.s.PostProcessorRegistrationDelegate$BeanPostProcessorChecker - Bean 'securityManager' of type [org.apache.shiro.web.mgt.DefaultWebSecurityManager] is not eligible for getting processed by all BeanPostProcessors (for example: not eligible for auto-proxying)
2023-12-02 23:28:53.225 febs [restartedMain] INFO  o.s.c.s.PostProcessorRegistrationDelegate$BeanPostProcessorChecker - Bean 'authorizationAttributeSourceAdvisor' of type [org.apache.shiro.spring.security.interceptor.AuthorizationAttributeSourceAdvisor] is not eligible for getting processed by all BeanPostProcessors (for example: not eligible for auto-proxying)
2023-12-02 23:28:53.507 febs [restartedMain] INFO  io.undertow.servlet - Initializing Spring embedded WebApplicationContext
2023-12-02 23:28:53.507 febs [restartedMain] INFO  o.s.web.context.ContextLoader - Root WebApplicationContext: initialization completed in 6207 ms
2023-12-02 23:28:56.748 febs [restartedMain] INFO  o.s.b.a.e.web.EndpointLinksResolver - Exposing 2 endpoint(s) beneath base path '/actuator'
2023-12-02 23:28:56.823 febs [restartedMain] INFO  o.s.s.c.ThreadPoolTaskExecutor - Initializing ExecutorService 'taskExecutor'
2023-12-02 23:28:56.839 febs [restartedMain] INFO  s.d.s.w.PropertySourcedRequestMappingHandlerMapping - Mapped URL path [/v2/api-docs] onto method [public org.springframework.http.ResponseEntity<springfox.documentation.spring.web.json.Json> springfox.documentation.swagger2.web.Swagger2Controller.getDocumentation(java.lang.String,javax.servlet.http.HttpServletRequest)]
2023-12-02 23:28:56.984 febs [restartedMain] INFO  o.s.b.d.a.OptionalLiveReloadServer - LiveReload server is running on port 35729
2023-12-02 23:28:57.366 febs [restartedMain] INFO  org.quartz.impl.StdSchedulerFactory - Using default implementation for ThreadExecutor
2023-12-02 23:28:57.372 febs [restartedMain] INFO  o.quartz.core.SchedulerSignalerImpl - Initialized Scheduler Signaller of type: class org.quartz.core.SchedulerSignalerImpl
2023-12-02 23:28:57.372 febs [restartedMain] INFO  org.quartz.core.QuartzScheduler - Quartz Scheduler v.2.3.1 created.
2023-12-02 23:28:57.372 febs [restartedMain] INFO  org.quartz.simpl.RAMJobStore - RAMJobStore initialized.
2023-12-02 23:28:57.372 febs [restartedMain] INFO  org.quartz.core.QuartzScheduler - Scheduler meta-data: Quartz Scheduler (v2.3.1) 'quartzScheduler' with instanceId 'NON_CLUSTERED'
  Scheduler class: 'org.quartz.core.QuartzScheduler' - running locally.
  NOT STARTED.
  Currently in standby mode.
  Number of jobs executed: 0
  Using thread pool 'org.quartz.simpl.SimpleThreadPool' - with 10 threads.
  Using job-store 'org.quartz.simpl.RAMJobStore' - which does not support persistence. and is not clustered.

2023-12-02 23:28:57.372 febs [restartedMain] INFO  org.quartz.impl.StdSchedulerFactory - Quartz scheduler 'quartzScheduler' initialized from an externally provided properties instance.
2023-12-02 23:28:57.372 febs [restartedMain] INFO  org.quartz.impl.StdSchedulerFactory - Quartz scheduler version: 2.3.1
2023-12-02 23:28:57.373 febs [restartedMain] INFO  org.quartz.core.QuartzScheduler - JobFactory set to: org.springframework.scheduling.quartz.SpringBeanJobFactory@4ce888c7
2023-12-02 23:28:57.390 febs [restartedMain] INFO  o.s.s.c.ThreadPoolTaskScheduler - Initializing ExecutorService 'taskScheduler'
2023-12-02 23:28:57.525 febs [restartedMain] INFO  s.d.s.w.p.DocumentationPluginsBootstrapper - Context refreshed
2023-12-02 23:28:57.534 febs [restartedMain] INFO  s.d.s.w.p.DocumentationPluginsBootstrapper - Found 1 custom documentation plugin(s)
2023-12-02 23:28:57.571 febs [restartedMain] INFO  s.d.s.w.s.ApiListingReferenceScanner - Scanning for api listing references
2023-12-02 23:28:57.693 febs [restartedMain] INFO  s.d.s.w.r.o.CachingOperationNameGenerator - Generating unique operation named: detailUsingGET_1
2023-12-02 23:28:57.697 febs [restartedMain] INFO  s.d.s.w.r.o.CachingOperationNameGenerator - Generating unique operation named: updateUsingPUT_1
2023-12-02 23:28:57.699 febs [restartedMain] INFO  s.d.s.w.r.o.CachingOperationNameGenerator - Generating unique operation named: addUsingPOST_1
2023-12-02 23:28:57.699 febs [restartedMain] INFO  s.d.s.w.r.o.CachingOperationNameGenerator - Generating unique operation named: changeStatusUsingPUT_1
2023-12-02 23:28:57.700 febs [restartedMain] INFO  s.d.s.w.r.o.CachingOperationNameGenerator - Generating unique operation named: deleteUsingDELETE_1
2023-12-02 23:28:57.703 febs [restartedMain] INFO  s.d.s.w.r.o.CachingOperationNameGenerator - Generating unique operation named: detailUsingGET_2
2023-12-02 23:28:57.704 febs [restartedMain] INFO  s.d.s.w.r.o.CachingOperationNameGenerator - Generating unique operation named: pageUsingGET_1
2023-12-02 23:28:57.705 febs [restartedMain] INFO  s.d.s.w.r.o.CachingOperationNameGenerator - Generating unique operation named: updateUsingPUT_2
2023-12-02 23:28:57.707 febs [restartedMain] INFO  s.d.s.w.r.o.CachingOperationNameGenerator - Generating unique operation named: addUsingPOST_2
2023-12-02 23:28:57.707 febs [restartedMain] INFO  s.d.s.w.r.o.CachingOperationNameGenerator - Generating unique operation named: changeStatusUsingPUT_2
2023-12-02 23:28:57.708 febs [restartedMain] INFO  s.d.s.w.r.o.CachingOperationNameGenerator - Generating unique operation named: deleteUsingDELETE_2
2023-12-02 23:28:57.710 febs [restartedMain] INFO  s.d.s.w.r.o.CachingOperationNameGenerator - Generating unique operation named: detailUsingGET_3
2023-12-02 23:28:57.712 febs [restartedMain] INFO  s.d.s.w.r.o.CachingOperationNameGenerator - Generating unique operation named: pageUsingGET_2
2023-12-02 23:28:57.712 febs [restartedMain] INFO  s.d.s.w.r.o.CachingOperationNameGenerator - Generating unique operation named: updateUsingPUT_3
2023-12-02 23:28:57.714 febs [restartedMain] INFO  s.d.s.w.r.o.CachingOperationNameGenerator - Generating unique operation named: addUsingPOST_3
2023-12-02 23:28:57.715 febs [restartedMain] INFO  s.d.s.w.r.o.CachingOperationNameGenerator - Generating unique operation named: deleteUsingDELETE_3
2023-12-02 23:28:57.718 febs [restartedMain] INFO  s.d.s.w.r.o.CachingOperationNameGenerator - Generating unique operation named: detailUsingGET_4
2023-12-02 23:28:57.719 febs [restartedMain] INFO  s.d.s.w.r.o.CachingOperationNameGenerator - Generating unique operation named: listUsingGET_1
2023-12-02 23:28:57.720 febs [restartedMain] INFO  s.d.s.w.r.o.CachingOperationNameGenerator - Generating unique operation named: pageUsingGET_3
2023-12-02 23:28:57.720 febs [restartedMain] INFO  s.d.s.w.r.o.CachingOperationNameGenerator - Generating unique operation named: updateUsingPUT_4
2023-12-02 23:28:57.723 febs [restartedMain] INFO  s.d.s.w.r.o.CachingOperationNameGenerator - Generating unique operation named: addUsingPOST_4
2023-12-02 23:28:57.723 febs [restartedMain] INFO  s.d.s.w.r.o.CachingOperationNameGenerator - Generating unique operation named: deleteUsingDELETE_4
2023-12-02 23:28:57.725 febs [restartedMain] INFO  s.d.s.w.r.o.CachingOperationNameGenerator - Generating unique operation named: detailUsingGET_5
2023-12-02 23:28:57.726 febs [restartedMain] INFO  s.d.s.w.r.o.CachingOperationNameGenerator - Generating unique operation named: listUsingGET_2
2023-12-02 23:28:57.726 febs [restartedMain] INFO  s.d.s.w.r.o.CachingOperationNameGenerator - Generating unique operation named: pageUsingGET_4
2023-12-02 23:28:57.727 febs [restartedMain] INFO  s.d.s.w.r.o.CachingOperationNameGenerator - Generating unique operation named: updateUsingPUT_5
2023-12-02 23:28:57.729 febs [restartedMain] INFO  s.d.s.w.r.o.CachingOperationNameGenerator - Generating unique operation named: addUsingPOST_5
2023-12-02 23:28:57.729 febs [restartedMain] INFO  s.d.s.w.r.o.CachingOperationNameGenerator - Generating unique operation named: deleteUsingDELETE_5
2023-12-02 23:28:57.731 febs [restartedMain] INFO  s.d.s.w.r.o.CachingOperationNameGenerator - Generating unique operation named: detailUsingGET_6
2023-12-02 23:28:57.732 febs [restartedMain] INFO  s.d.s.w.r.o.CachingOperationNameGenerator - Generating unique operation named: exportUsingGET_1
2023-12-02 23:28:57.733 febs [restartedMain] INFO  s.d.s.w.r.o.CachingOperationNameGenerator - Generating unique operation named: listUsingGET_3
2023-12-02 23:28:57.733 febs [restartedMain] INFO  s.d.s.w.r.o.CachingOperationNameGenerator - Generating unique operation named: pageUsingGET_5
2023-12-02 23:28:57.734 febs [restartedMain] INFO  s.d.s.w.r.o.CachingOperationNameGenerator - Generating unique operation named: updateUsingPUT_6
2023-12-02 23:28:57.737 febs [restartedMain] INFO  s.d.s.w.r.o.CachingOperationNameGenerator - Generating unique operation named: addUsingPOST_6
2023-12-02 23:28:57.737 febs [restartedMain] INFO  s.d.s.w.r.o.CachingOperationNameGenerator - Generating unique operation named: changeStatusUsingPUT_3
2023-12-02 23:28:57.738 febs [restartedMain] INFO  s.d.s.w.r.o.CachingOperationNameGenerator - Generating unique operation named: deleteUsingDELETE_6
2023-12-02 23:28:57.740 febs [restartedMain] INFO  s.d.s.w.r.o.CachingOperationNameGenerator - Generating unique operation named: detailUsingGET_7
2023-12-02 23:28:57.741 febs [restartedMain] INFO  s.d.s.w.r.o.CachingOperationNameGenerator - Generating unique operation named: pageUsingGET_6
2023-12-02 23:28:57.742 febs [restartedMain] INFO  s.d.s.w.r.o.CachingOperationNameGenerator - Generating unique operation named: updateUsingPUT_7
2023-12-02 23:28:57.744 febs [restartedMain] INFO  s.d.s.w.r.o.CachingOperationNameGenerator - Generating unique operation named: addUsingPOST_7
2023-12-02 23:28:57.744 febs [restartedMain] INFO  s.d.s.w.r.o.CachingOperationNameGenerator - Generating unique operation named: deleteUsingDELETE_7
2023-12-02 23:28:57.746 febs [restartedMain] INFO  s.d.s.w.r.o.CachingOperationNameGenerator - Generating unique operation named: detailUsingGET_8
2023-12-02 23:28:57.746 febs [restartedMain] INFO  s.d.s.w.r.o.CachingOperationNameGenerator - Generating unique operation named: pageUsingGET_7
2023-12-02 23:28:57.747 febs [restartedMain] INFO  s.d.s.w.r.o.CachingOperationNameGenerator - Generating unique operation named: updateUsingPUT_8
2023-12-02 23:28:57.748 febs [restartedMain] INFO  s.d.s.w.r.o.CachingOperationNameGenerator - Generating unique operation named: addUsingPOST_8
2023-12-02 23:28:57.749 febs [restartedMain] INFO  s.d.s.w.r.o.CachingOperationNameGenerator - Generating unique operation named: changeStatusUsingPUT_4
2023-12-02 23:28:57.749 febs [restartedMain] INFO  s.d.s.w.r.o.CachingOperationNameGenerator - Generating unique operation named: deleteUsingDELETE_8
2023-12-02 23:28:57.751 febs [restartedMain] INFO  s.d.s.w.r.o.CachingOperationNameGenerator - Generating unique operation named: detailUsingGET_9
2023-12-02 23:28:57.752 febs [restartedMain] INFO  s.d.s.w.r.o.CachingOperationNameGenerator - Generating unique operation named: pageUsingGET_8
2023-12-02 23:28:57.752 febs [restartedMain] INFO  s.d.s.w.r.o.CachingOperationNameGenerator - Generating unique operation named: updateUsingPUT_9
2023-12-02 23:28:57.756 febs [restartedMain] INFO  s.d.s.w.r.o.CachingOperationNameGenerator - Generating unique operation named: addUsingPOST_9
2023-12-02 23:28:57.756 febs [restartedMain] INFO  s.d.s.w.r.o.CachingOperationNameGenerator - Generating unique operation named: changeStatusUsingPUT_5
2023-12-02 23:28:57.757 febs [restartedMain] INFO  s.d.s.w.r.o.CachingOperationNameGenerator - Generating unique operation named: deleteUsingDELETE_9
2023-12-02 23:28:57.761 febs [restartedMain] INFO  s.d.s.w.r.o.CachingOperationNameGenerator - Generating unique operation named: detailUsingGET_10
2023-12-02 23:28:57.764 febs [restartedMain] INFO  s.d.s.w.r.o.CachingOperationNameGenerator - Generating unique operation named: pageUsingGET_9
2023-12-02 23:28:57.765 febs [restartedMain] INFO  s.d.s.w.r.o.CachingOperationNameGenerator - Generating unique operation named: updateUsingPUT_10
2023-12-02 23:28:57.772 febs [restartedMain] INFO  s.d.s.w.r.o.CachingOperationNameGenerator - Generating unique operation named: detailUsingGET_11
2023-12-02 23:28:57.772 febs [restartedMain] INFO  s.d.s.w.r.o.CachingOperationNameGenerator - Generating unique operation named: exportUsingGET_2
2023-12-02 23:28:57.773 febs [restartedMain] INFO  s.d.s.w.r.o.CachingOperationNameGenerator - Generating unique operation named: pageUsingGET_10
2023-12-02 23:28:57.774 febs [restartedMain] INFO  s.d.s.w.r.o.CachingOperationNameGenerator - Generating unique operation named: updateUsingPUT_11
2023-12-02 23:28:57.775 febs [restartedMain] INFO  s.d.s.w.r.o.CachingOperationNameGenerator - Generating unique operation named: listUsingGET_4
2023-12-02 23:28:57.776 febs [restartedMain] INFO  s.d.s.w.r.o.CachingOperationNameGenerator - Generating unique operation named: updateUsingPUT_12
2023-12-02 23:28:57.778 febs [restartedMain] INFO  s.d.s.w.r.o.CachingOperationNameGenerator - Generating unique operation named: addUsingPOST_10
2023-12-02 23:28:57.778 febs [restartedMain] INFO  s.d.s.w.r.o.CachingOperationNameGenerator - Generating unique operation named: deleteUsingDELETE_10
2023-12-02 23:28:57.780 febs [restartedMain] INFO  s.d.s.w.r.o.CachingOperationNameGenerator - Generating unique operation named: detailUsingGET_12
2023-12-02 23:28:57.780 febs [restartedMain] INFO  s.d.s.w.r.o.CachingOperationNameGenerator - Generating unique operation named: listUsingGET_5
2023-12-02 23:28:57.781 febs [restartedMain] INFO  s.d.s.w.r.o.CachingOperationNameGenerator - Generating unique operation named: updateUsingPUT_13
2023-12-02 23:28:57.786 febs [restartedMain] INFO  s.d.s.w.r.o.CachingOperationNameGenerator - Generating unique operation named: addUsingPOST_11
2023-12-02 23:28:57.787 febs [restartedMain] INFO  s.d.s.w.r.o.CachingOperationNameGenerator - Generating unique operation named: changeStatusUsingPUT_6
2023-12-02 23:28:57.787 febs [restartedMain] INFO  s.d.s.w.r.o.CachingOperationNameGenerator - Generating unique operation named: deleteUsingDELETE_11
2023-12-02 23:28:57.790 febs [restartedMain] INFO  s.d.s.w.r.o.CachingOperationNameGenerator - Generating unique operation named: detailUsingGET_13
2023-12-02 23:28:57.791 febs [restartedMain] INFO  s.d.s.w.r.o.CachingOperationNameGenerator - Generating unique operation named: pageUsingGET_11
2023-12-02 23:28:57.791 febs [restartedMain] INFO  s.d.s.w.r.o.CachingOperationNameGenerator - Generating unique operation named: updateUsingPUT_14
2023-12-02 23:28:57.792 febs [restartedMain] INFO  s.d.s.w.r.o.CachingOperationNameGenerator - Generating unique operation named: afterSalesUsingPUT_1
2023-12-02 23:28:57.800 febs [restartedMain] INFO  s.d.s.w.r.o.CachingOperationNameGenerator - Generating unique operation named: createOrderUsingPOST_1
2023-12-02 23:28:57.800 febs [restartedMain] INFO  s.d.s.w.r.o.CachingOperationNameGenerator - Generating unique operation named: detailUsingGET_14
2023-12-02 23:28:57.801 febs [restartedMain] INFO  s.d.s.w.r.o.CachingOperationNameGenerator - Generating unique operation named: exportUsingGET_3
2023-12-02 23:28:57.803 febs [restartedMain] INFO  s.d.s.w.r.o.CachingOperationNameGenerator - Generating unique operation named: pageUsingGET_12
2023-12-02 23:28:57.803 febs [restartedMain] INFO  s.d.s.w.r.o.CachingOperationNameGenerator - Generating unique operation named: refundUsingPUT_1
2023-12-02 23:28:57.804 febs [restartedMain] INFO  s.d.s.w.r.o.CachingOperationNameGenerator - Generating unique operation named: updateUsingPUT_15
2023-12-02 23:28:57.804 febs [restartedMain] INFO  s.d.s.w.r.o.CachingOperationNameGenerator - Generating unique operation named: useUsingPUT_1
2023-12-02 23:28:57.806 febs [restartedMain] INFO  s.d.s.w.r.o.CachingOperationNameGenerator - Generating unique operation named: addUsingPOST_12
2023-12-02 23:28:57.806 febs [restartedMain] INFO  s.d.s.w.r.o.CachingOperationNameGenerator - Generating unique operation named: deleteUsingDELETE_12
2023-12-02 23:28:57.808 febs [restartedMain] INFO  s.d.s.w.r.o.CachingOperationNameGenerator - Generating unique operation named: detailUsingGET_15
2023-12-02 23:28:57.809 febs [restartedMain] INFO  s.d.s.w.r.o.CachingOperationNameGenerator - Generating unique operation named: listUsingGET_6
2023-12-02 23:28:57.809 febs [restartedMain] INFO  s.d.s.w.r.o.CachingOperationNameGenerator - Generating unique operation named: updateUsingPUT_16
2023-12-02 23:28:57.815 febs [restartedMain] INFO  s.d.s.w.r.o.CachingOperationNameGenerator - Generating unique operation named: detailUsingGET_16
2023-12-02 23:28:57.816 febs [restartedMain] INFO  s.d.s.w.r.o.CachingOperationNameGenerator - Generating unique operation named: updateUsingPUT_17
2023-12-02 23:28:57.818 febs [restartedMain] INFO  s.d.s.w.r.o.CachingOperationNameGenerator - Generating unique operation named: addUsingPOST_13
2023-12-02 23:28:57.819 febs [restartedMain] INFO  s.d.s.w.r.o.CachingOperationNameGenerator - Generating unique operation named: deleteUsingDELETE_13
2023-12-02 23:28:57.820 febs [restartedMain] INFO  s.d.s.w.r.o.CachingOperationNameGenerator - Generating unique operation named: detailUsingGET_17
2023-12-02 23:28:57.821 febs [restartedMain] INFO  s.d.s.w.r.o.CachingOperationNameGenerator - Generating unique operation named: listUsingGET_7
2023-12-02 23:28:57.823 febs [restartedMain] INFO  s.d.s.w.r.o.CachingOperationNameGenerator - Generating unique operation named: updateUsingPUT_18
2023-12-02 23:28:57.825 febs [restartedMain] INFO  s.d.s.w.r.o.CachingOperationNameGenerator - Generating unique operation named: addUsingPOST_14
2023-12-02 23:28:57.826 febs [restartedMain] INFO  s.d.s.w.r.o.CachingOperationNameGenerator - Generating unique operation named: changeStatusUsingPUT_7
2023-12-02 23:28:57.826 febs [restartedMain] INFO  s.d.s.w.r.o.CachingOperationNameGenerator - Generating unique operation named: deleteUsingDELETE_14
2023-12-02 23:28:57.828 febs [restartedMain] INFO  s.d.s.w.r.o.CachingOperationNameGenerator - Generating unique operation named: detailUsingGET_18
2023-12-02 23:28:57.829 febs [restartedMain] INFO  s.d.s.w.r.o.CachingOperationNameGenerator - Generating unique operation named: pageUsingGET_13
2023-12-02 23:28:57.830 febs [restartedMain] INFO  s.d.s.w.r.o.CachingOperationNameGenerator - Generating unique operation named: updateUsingPUT_19
2023-12-02 23:28:57.831 febs [restartedMain] INFO  s.d.s.w.r.o.CachingOperationNameGenerator - Generating unique operation named: addUsingPOST_15
2023-12-02 23:28:57.836 febs [restartedMain] INFO  s.d.s.w.r.o.CachingOperationNameGenerator - Generating unique operation named: detailUsingGET_19
2023-12-02 23:28:57.839 febs [restartedMain] INFO  s.d.s.w.r.o.CachingOperationNameGenerator - Generating unique operation named: addUsingPOST_16
2023-12-02 23:28:57.839 febs [restartedMain] INFO  s.d.s.w.r.o.CachingOperationNameGenerator - Generating unique operation named: deleteUsingDELETE_15
2023-12-02 23:28:57.840 febs [restartedMain] INFO  s.d.s.w.r.o.CachingOperationNameGenerator - Generating unique operation named: pageUsingGET_14
2023-12-02 23:28:57.843 febs [restartedMain] INFO  s.d.s.w.r.o.CachingOperationNameGenerator - Generating unique operation named: addUsingPOST_17
2023-12-02 23:28:57.843 febs [restartedMain] INFO  s.d.s.w.r.o.CachingOperationNameGenerator - Generating unique operation named: deleteUsingDELETE_16
2023-12-02 23:28:57.845 febs [restartedMain] INFO  s.d.s.w.r.o.CachingOperationNameGenerator - Generating unique operation named: detailUsingGET_20
2023-12-02 23:28:57.846 febs [restartedMain] INFO  s.d.s.w.r.o.CachingOperationNameGenerator - Generating unique operation named: exportUsingGET_4
2023-12-02 23:28:57.850 febs [restartedMain] INFO  s.d.s.w.r.o.CachingOperationNameGenerator - Generating unique operation named: pageUsingGET_15
2023-12-02 23:28:57.850 febs [restartedMain] INFO  s.d.s.w.r.o.CachingOperationNameGenerator - Generating unique operation named: updateUsingPUT_20
2023-12-02 23:28:57.853 febs [restartedMain] INFO  s.d.s.w.r.o.CachingOperationNameGenerator - Generating unique operation named: addUsingPOST_18
2023-12-02 23:28:57.855 febs [restartedMain] INFO  s.d.s.w.r.o.CachingOperationNameGenerator - Generating unique operation named: detailUsingGET_21
2023-12-02 23:28:57.856 febs [restartedMain] INFO  s.d.s.w.r.o.CachingOperationNameGenerator - Generating unique operation named: pageUsingGET_16
2023-12-02 23:28:57.858 febs [restartedMain] INFO  s.d.s.w.r.o.CachingOperationNameGenerator - Generating unique operation named: addUsingPOST_19
2023-12-02 23:28:57.858 febs [restartedMain] INFO  s.d.s.w.r.o.CachingOperationNameGenerator - Generating unique operation named: deleteUsingDELETE_17
2023-12-02 23:28:57.860 febs [restartedMain] INFO  s.d.s.w.r.o.CachingOperationNameGenerator - Generating unique operation named: detailUsingGET_22
2023-12-02 23:28:57.860 febs [restartedMain] INFO  s.d.s.w.r.o.CachingOperationNameGenerator - Generating unique operation named: listUsingGET_8
2023-12-02 23:28:57.861 febs [restartedMain] INFO  s.d.s.w.r.o.CachingOperationNameGenerator - Generating unique operation named: pageUsingGET_17
2023-12-02 23:28:57.861 febs [restartedMain] INFO  s.d.s.w.r.o.CachingOperationNameGenerator - Generating unique operation named: updateUsingPUT_21
2023-12-02 23:28:57.862 febs [restartedMain] INFO  s.d.s.w.r.o.CachingOperationNameGenerator - Generating unique operation named: listUsingGET_9
2023-12-02 23:28:57.863 febs [restartedMain] INFO  s.d.s.w.r.o.CachingOperationNameGenerator - Generating unique operation named: updateUsingPUT_22
2023-12-02 23:28:57.865 febs [restartedMain] INFO  s.d.s.w.r.o.CachingOperationNameGenerator - Generating unique operation named: addUsingPOST_20
2023-12-02 23:28:57.866 febs [restartedMain] INFO  s.d.s.w.r.o.CachingOperationNameGenerator - Generating unique operation named: deleteUsingDELETE_18
2023-12-02 23:28:57.867 febs [restartedMain] INFO  s.d.s.w.r.o.CachingOperationNameGenerator - Generating unique operation named: detailUsingGET_23
2023-12-02 23:28:57.868 febs [restartedMain] INFO  s.d.s.w.r.o.CachingOperationNameGenerator - Generating unique operation named: pageUsingGET_18
2023-12-02 23:28:57.869 febs [restartedMain] INFO  s.d.s.w.r.o.CachingOperationNameGenerator - Generating unique operation named: updateUsingPUT_23
2023-12-02 23:28:57.870 febs [restartedMain] INFO  s.d.s.w.r.o.CachingOperationNameGenerator - Generating unique operation named: addUsingPOST_21
2023-12-02 23:28:57.871 febs [restartedMain] INFO  s.d.s.w.r.o.CachingOperationNameGenerator - Generating unique operation named: deleteUsingDELETE_19
2023-12-02 23:28:57.872 febs [restartedMain] INFO  s.d.s.w.r.o.CachingOperationNameGenerator - Generating unique operation named: detailUsingGET_24
2023-12-02 23:28:57.873 febs [restartedMain] INFO  s.d.s.w.r.o.CachingOperationNameGenerator - Generating unique operation named: listUsingGET_10
2023-12-02 23:28:57.873 febs [restartedMain] INFO  s.d.s.w.r.o.CachingOperationNameGenerator - Generating unique operation named: pageUsingGET_19
2023-12-02 23:28:57.874 febs [restartedMain] INFO  s.d.s.w.r.o.CachingOperationNameGenerator - Generating unique operation named: updateUsingPUT_24
2023-12-02 23:28:57.878 febs [restartedMain] INFO  s.d.s.w.r.o.CachingOperationNameGenerator - Generating unique operation named: addUsingPOST_22
2023-12-02 23:28:57.878 febs [restartedMain] INFO  s.d.s.w.r.o.CachingOperationNameGenerator - Generating unique operation named: changeStatusUsingPUT_8
2023-12-02 23:28:57.879 febs [restartedMain] INFO  s.d.s.w.r.o.CachingOperationNameGenerator - Generating unique operation named: deleteUsingDELETE_20
2023-12-02 23:28:57.882 febs [restartedMain] INFO  s.d.s.w.r.o.CachingOperationNameGenerator - Generating unique operation named: detailUsingGET_25
2023-12-02 23:28:57.882 febs [restartedMain] INFO  s.d.s.w.r.o.CachingOperationNameGenerator - Generating unique operation named: listUsingGET_11
2023-12-02 23:28:57.883 febs [restartedMain] INFO  s.d.s.w.r.o.CachingOperationNameGenerator - Generating unique operation named: pageUsingGET_20
2023-12-02 23:28:57.883 febs [restartedMain] INFO  s.d.s.w.r.o.CachingOperationNameGenerator - Generating unique operation named: updateUsingPUT_25
2023-12-02 23:28:57.885 febs [restartedMain] INFO  s.d.s.w.r.o.CachingOperationNameGenerator - Generating unique operation named: afterSalesUsingPUT_2
2023-12-02 23:28:57.894 febs [restartedMain] INFO  s.d.s.w.r.o.CachingOperationNameGenerator - Generating unique operation named: createOrderUsingPOST_2
2023-12-02 23:28:57.895 febs [restartedMain] INFO  s.d.s.w.r.o.CachingOperationNameGenerator - Generating unique operation named: detailUsingGET_26
2023-12-02 23:28:57.896 febs [restartedMain] INFO  s.d.s.w.r.o.CachingOperationNameGenerator - Generating unique operation named: exportUsingGET_5
2023-12-02 23:28:57.897 febs [restartedMain] INFO  s.d.s.w.r.o.CachingOperationNameGenerator - Generating unique operation named: pageUsingGET_21
2023-12-02 23:28:57.898 febs [restartedMain] INFO  s.d.s.w.r.o.CachingOperationNameGenerator - Generating unique operation named: refundUsingPUT_2
2023-12-02 23:28:57.900 febs [restartedMain] INFO  s.d.s.w.r.o.CachingOperationNameGenerator - Generating unique operation named: addUsingPOST_23
2023-12-02 23:28:57.900 febs [restartedMain] INFO  s.d.s.w.r.o.CachingOperationNameGenerator - Generating unique operation named: changeStatusUsingPUT_9
2023-12-02 23:28:57.901 febs [restartedMain] INFO  s.d.s.w.r.o.CachingOperationNameGenerator - Generating unique operation named: deleteUsingDELETE_21
2023-12-02 23:28:57.903 febs [restartedMain] INFO  s.d.s.w.r.o.CachingOperationNameGenerator - Generating unique operation named: detailUsingGET_27
2023-12-02 23:28:57.903 febs [restartedMain] INFO  s.d.s.w.r.o.CachingOperationNameGenerator - Generating unique operation named: pageUsingGET_22
2023-12-02 23:28:57.904 febs [restartedMain] INFO  s.d.s.w.r.o.CachingOperationNameGenerator - Generating unique operation named: updateUsingPUT_26
2023-12-02 23:28:57.905 febs [restartedMain] INFO  s.d.s.w.r.o.CachingOperationNameGenerator - Generating unique operation named: addUsingPOST_24
2023-12-02 23:28:57.906 febs [restartedMain] INFO  s.d.s.w.r.o.CachingOperationNameGenerator - Generating unique operation named: deleteUsingDELETE_22
2023-12-02 23:28:57.908 febs [restartedMain] INFO  s.d.s.w.r.o.CachingOperationNameGenerator - Generating unique operation named: detailUsingGET_28
2023-12-02 23:28:57.908 febs [restartedMain] INFO  s.d.s.w.r.o.CachingOperationNameGenerator - Generating unique operation named: pageUsingGET_23
2023-12-02 23:28:57.909 febs [restartedMain] INFO  s.d.s.w.r.o.CachingOperationNameGenerator - Generating unique operation named: detailUsingGET_29
2023-12-02 23:28:57.909 febs [restartedMain] INFO  s.d.s.w.r.o.CachingOperationNameGenerator - Generating unique operation named: listUsingGET_12
2023-12-02 23:28:57.911 febs [restartedMain] INFO  s.d.s.w.r.o.CachingOperationNameGenerator - Generating unique operation named: pageUsingGET_24
2023-12-02 23:28:57.911 febs [restartedMain] INFO  s.d.s.w.r.o.CachingOperationNameGenerator - Generating unique operation named: updateUsingPUT_27
2023-12-02 23:28:57.912 febs [restartedMain] INFO  s.d.s.w.r.o.CachingOperationNameGenerator - Generating unique operation named: detailUsingGET_30
2023-12-02 23:28:57.914 febs [restartedMain] INFO  s.d.s.w.r.o.CachingOperationNameGenerator - Generating unique operation named: updateUsingPUT_28
2023-12-02 23:28:57.915 febs [restartedMain] INFO  s.d.s.w.r.o.CachingOperationNameGenerator - Generating unique operation named: detailUsingGET_31
2023-12-02 23:28:57.916 febs [restartedMain] INFO  s.d.s.w.r.o.CachingOperationNameGenerator - Generating unique operation named: listUsingGET_13
2023-12-02 23:28:57.917 febs [restartedMain] INFO  s.d.s.w.r.o.CachingOperationNameGenerator - Generating unique operation named: pageUsingGET_25
2023-12-02 23:28:57.917 febs [restartedMain] INFO  s.d.s.w.r.o.CachingOperationNameGenerator - Generating unique operation named: updateUsingPUT_29
2023-12-02 23:28:57.921 febs [restartedMain] INFO  s.d.s.w.r.o.CachingOperationNameGenerator - Generating unique operation named: detailUsingGET_32
2023-12-02 23:28:57.923 febs [restartedMain] INFO  s.d.s.w.r.o.CachingOperationNameGenerator - Generating unique operation named: pageUsingGET_26
2023-12-02 23:28:57.925 febs [restartedMain] INFO  s.d.s.w.r.o.CachingOperationNameGenerator - Generating unique operation named: addUsingPOST_25
2023-12-02 23:28:57.926 febs [restartedMain] INFO  s.d.s.w.r.o.CachingOperationNameGenerator - Generating unique operation named: changeStatusUsingPUT_10
2023-12-02 23:28:57.926 febs [restartedMain] INFO  s.d.s.w.r.o.CachingOperationNameGenerator - Generating unique operation named: deleteUsingDELETE_23
2023-12-02 23:28:57.928 febs [restartedMain] INFO  s.d.s.w.r.o.CachingOperationNameGenerator - Generating unique operation named: detailUsingGET_33
2023-12-02 23:28:57.928 febs [restartedMain] INFO  s.d.s.w.r.o.CachingOperationNameGenerator - Generating unique operation named: exportUsingGET_6
2023-12-02 23:28:57.930 febs [restartedMain] INFO  s.d.s.w.r.o.CachingOperationNameGenerator - Generating unique operation named: pageUsingGET_27
2023-12-02 23:28:57.931 febs [restartedMain] INFO  s.d.s.w.r.o.CachingOperationNameGenerator - Generating unique operation named: updateUsingPUT_30
2023-12-02 23:28:57.932 febs [restartedMain] INFO  s.d.s.w.r.o.CachingOperationNameGenerator - Generating unique operation named: pageUsingGET_28
2023-12-02 23:28:57.934 febs [restartedMain] INFO  s.d.s.w.r.o.CachingOperationNameGenerator - Generating unique operation named: addUsingPOST_26
2023-12-02 23:28:57.934 febs [restartedMain] INFO  s.d.s.w.r.o.CachingOperationNameGenerator - Generating unique operation named: deleteUsingDELETE_24
2023-12-02 23:28:57.936 febs [restartedMain] INFO  s.d.s.w.r.o.CachingOperationNameGenerator - Generating unique operation named: detailUsingGET_34
2023-12-02 23:28:57.936 febs [restartedMain] INFO  s.d.s.w.r.o.CachingOperationNameGenerator - Generating unique operation named: listUsingGET_14
2023-12-02 23:28:57.936 febs [restartedMain] INFO  s.d.s.w.r.o.CachingOperationNameGenerator - Generating unique operation named: pageUsingGET_29
2023-12-02 23:28:57.936 febs [restartedMain] INFO  s.d.s.w.r.o.CachingOperationNameGenerator - Generating unique operation named: updateUsingPUT_31
2023-12-02 23:28:57.938 febs [restartedMain] INFO  s.d.s.w.r.o.CachingOperationNameGenerator - Generating unique operation named: addUsingPOST_27
2023-12-02 23:28:57.938 febs [restartedMain] INFO  s.d.s.w.r.o.CachingOperationNameGenerator - Generating unique operation named: changeStatusUsingPUT_11
2023-12-02 23:28:57.939 febs [restartedMain] INFO  s.d.s.w.r.o.CachingOperationNameGenerator - Generating unique operation named: detailUsingGET_35
2023-12-02 23:28:57.940 febs [restartedMain] INFO  s.d.s.w.r.o.CachingOperationNameGenerator - Generating unique operation named: pageUsingGET_30
2023-12-02 23:28:57.940 febs [restartedMain] INFO  s.d.s.w.r.o.CachingOperationNameGenerator - Generating unique operation named: updateUsingPUT_32
2023-12-02 23:28:57.944 febs [restartedMain] INFO  s.d.s.w.r.o.CachingOperationNameGenerator - Generating unique operation named: addUsingPOST_28
2023-12-02 23:28:57.944 febs [restartedMain] INFO  s.d.s.w.r.o.CachingOperationNameGenerator - Generating unique operation named: changeStatusUsingPUT_12
2023-12-02 23:28:57.944 febs [restartedMain] INFO  s.d.s.w.r.o.CachingOperationNameGenerator - Generating unique operation named: deleteUsingDELETE_25
2023-12-02 23:28:57.947 febs [restartedMain] INFO  s.d.s.w.r.o.CachingOperationNameGenerator - Generating unique operation named: detailUsingGET_36
2023-12-02 23:28:57.947 febs [restartedMain] INFO  s.d.s.w.r.o.CachingOperationNameGenerator - Generating unique operation named: exportUsingGET_7
2023-12-02 23:28:57.949 febs [restartedMain] INFO  s.d.s.w.r.o.CachingOperationNameGenerator - Generating unique operation named: miniListUsingGET_1
2023-12-02 23:28:57.949 febs [restartedMain] INFO  s.d.s.w.r.o.CachingOperationNameGenerator - Generating unique operation named: pageUsingGET_31
2023-12-02 23:28:57.950 febs [restartedMain] INFO  s.d.s.w.r.o.CachingOperationNameGenerator - Generating unique operation named: updateUsingPUT_33
2023-12-02 23:28:57.950 febs [restartedMain] INFO  s.d.s.w.r.o.CachingOperationNameGenerator - Generating unique operation named: afterSalesUsingPUT_3
2023-12-02 23:28:57.954 febs [restartedMain] INFO  s.d.s.w.r.o.CachingOperationNameGenerator - Generating unique operation named: createOrderUsingPOST_3
2023-12-02 23:28:57.955 febs [restartedMain] INFO  s.d.s.w.r.o.CachingOperationNameGenerator - Generating unique operation named: detailUsingGET_37
2023-12-02 23:28:57.955 febs [restartedMain] INFO  s.d.s.w.r.o.CachingOperationNameGenerator - Generating unique operation named: exportUsingGET_8
2023-12-02 23:28:57.956 febs [restartedMain] INFO  s.d.s.w.r.o.CachingOperationNameGenerator - Generating unique operation named: pageUsingGET_32
2023-12-02 23:28:57.957 febs [restartedMain] INFO  s.d.s.w.r.o.CachingOperationNameGenerator - Generating unique operation named: refundUsingPUT_3
2023-12-02 23:28:57.957 febs [restartedMain] INFO  s.d.s.w.r.o.CachingOperationNameGenerator - Generating unique operation named: updateUsingPUT_34
2023-12-02 23:28:57.959 febs [restartedMain] INFO  s.d.s.w.r.o.CachingOperationNameGenerator - Generating unique operation named: listUsingGET_15
2023-12-02 23:28:57.961 febs [restartedMain] INFO  s.d.s.w.r.o.CachingOperationNameGenerator - Generating unique operation named: addUsingPOST_29
2023-12-02 23:28:57.962 febs [restartedMain] INFO  s.d.s.w.r.o.CachingOperationNameGenerator - Generating unique operation named: changeStatusUsingPUT_13
2023-12-02 23:28:57.962 febs [restartedMain] INFO  s.d.s.w.r.o.CachingOperationNameGenerator - Generating unique operation named: deleteUsingDELETE_26
2023-12-02 23:28:57.963 febs [restartedMain] INFO  s.d.s.w.r.o.CachingOperationNameGenerator - Generating unique operation named: detailUsingGET_38
2023-12-02 23:28:57.965 febs [restartedMain] INFO  s.d.s.w.r.o.CachingOperationNameGenerator - Generating unique operation named: pageUsingGET_33
2023-12-02 23:28:57.965 febs [restartedMain] INFO  s.d.s.w.r.o.CachingOperationNameGenerator - Generating unique operation named: updateUsingPUT_35
2023-12-02 23:28:57.967 febs [restartedMain] INFO  s.d.s.w.r.o.CachingOperationNameGenerator - Generating unique operation named: addUsingPOST_30
2023-12-02 23:28:57.968 febs [restartedMain] INFO  s.d.s.w.r.o.CachingOperationNameGenerator - Generating unique operation named: changeStatusUsingPUT_14
2023-12-02 23:28:57.968 febs [restartedMain] INFO  s.d.s.w.r.o.CachingOperationNameGenerator - Generating unique operation named: deleteUsingDELETE_27
2023-12-02 23:28:57.970 febs [restartedMain] INFO  s.d.s.w.r.o.CachingOperationNameGenerator - Generating unique operation named: detailUsingGET_39
2023-12-02 23:28:57.971 febs [restartedMain] INFO  s.d.s.w.r.o.CachingOperationNameGenerator - Generating unique operation named: exportUsingGET_9
2023-12-02 23:28:57.972 febs [restartedMain] INFO  s.d.s.w.r.o.CachingOperationNameGenerator - Generating unique operation named: miniListUsingGET_2
2023-12-02 23:28:57.973 febs [restartedMain] INFO  s.d.s.w.r.o.CachingOperationNameGenerator - Generating unique operation named: pageUsingGET_34
2023-12-02 23:28:57.973 febs [restartedMain] INFO  s.d.s.w.r.o.CachingOperationNameGenerator - Generating unique operation named: updateUsingPUT_36
2023-12-02 23:28:57.974 febs [restartedMain] INFO  s.d.s.w.r.o.CachingOperationNameGenerator - Generating unique operation named: afterSalesUsingPUT_4
2023-12-02 23:28:57.977 febs [restartedMain] INFO  s.d.s.w.r.o.CachingOperationNameGenerator - Generating unique operation named: createOrderUsingPOST_4
2023-12-02 23:28:57.977 febs [restartedMain] INFO  s.d.s.w.r.o.CachingOperationNameGenerator - Generating unique operation named: detailUsingGET_40
2023-12-02 23:28:57.978 febs [restartedMain] INFO  s.d.s.w.r.o.CachingOperationNameGenerator - Generating unique operation named: exportUsingGET_10
2023-12-02 23:28:57.978 febs [restartedMain] INFO  s.d.s.w.r.o.CachingOperationNameGenerator - Generating unique operation named: pageUsingGET_35
2023-12-02 23:28:57.979 febs [restartedMain] INFO  s.d.s.w.r.o.CachingOperationNameGenerator - Generating unique operation named: refundUsingPUT_4
2023-12-02 23:28:57.980 febs [restartedMain] INFO  s.d.s.w.r.o.CachingOperationNameGenerator - Generating unique operation named: addUsingPOST_31
2023-12-02 23:28:57.981 febs [restartedMain] INFO  s.d.s.w.r.o.CachingOperationNameGenerator - Generating unique operation named: addUsingPOST_32
2023-12-02 23:28:57.982 febs [restartedMain] INFO  s.d.s.w.r.o.CachingOperationNameGenerator - Generating unique operation named: changeStatusUsingPUT_15
2023-12-02 23:28:57.982 febs [restartedMain] INFO  s.d.s.w.r.o.CachingOperationNameGenerator - Generating unique operation named: deleteUsingDELETE_28
2023-12-02 23:28:57.983 febs [restartedMain] INFO  s.d.s.w.r.o.CachingOperationNameGenerator - Generating unique operation named: detailUsingGET_41
2023-12-02 23:28:57.983 febs [restartedMain] INFO  s.d.s.w.r.o.CachingOperationNameGenerator - Generating unique operation named: pageUsingGET_36
2023-12-02 23:28:57.984 febs [restartedMain] INFO  s.d.s.w.r.o.CachingOperationNameGenerator - Generating unique operation named: updateUsingPUT_37
2023-12-02 23:28:57.985 febs [restartedMain] INFO  s.d.s.w.r.o.CachingOperationNameGenerator - Generating unique operation named: addUsingPOST_33
2023-12-02 23:28:57.986 febs [restartedMain] INFO  s.d.s.w.r.o.CachingOperationNameGenerator - Generating unique operation named: deleteUsingDELETE_29
2023-12-02 23:28:57.987 febs [restartedMain] INFO  s.d.s.w.r.o.CachingOperationNameGenerator - Generating unique operation named: detailUsingGET_42
2023-12-02 23:28:57.989 febs [restartedMain] INFO  s.d.s.w.r.o.CachingOperationNameGenerator - Generating unique operation named: listUsingGET_16
2023-12-02 23:28:57.989 febs [restartedMain] INFO  s.d.s.w.r.o.CachingOperationNameGenerator - Generating unique operation named: updateUsingPUT_38
2023-12-02 23:28:57.991 febs [restartedMain] INFO  s.d.s.w.r.o.CachingOperationNameGenerator - Generating unique operation named: addUsingPOST_34
2023-12-02 23:28:57.991 febs [restartedMain] INFO  s.d.s.w.r.o.CachingOperationNameGenerator - Generating unique operation named: deleteUsingDELETE_30
2023-12-02 23:28:57.993 febs [restartedMain] INFO  s.d.s.w.r.o.CachingOperationNameGenerator - Generating unique operation named: detailUsingGET_43
2023-12-02 23:28:57.994 febs [restartedMain] INFO  s.d.s.w.r.o.CachingOperationNameGenerator - Generating unique operation named: listUsingGET_17
2023-12-02 23:28:57.995 febs [restartedMain] INFO  s.d.s.w.r.o.CachingOperationNameGenerator - Generating unique operation named: updateUsingPUT_39
2023-12-02 23:28:57.996 febs [restartedMain] INFO  s.d.s.w.r.o.CachingOperationNameGenerator - Generating unique operation named: addUsingPOST_35
2023-12-02 23:28:57.997 febs [restartedMain] INFO  s.d.s.w.r.o.CachingOperationNameGenerator - Generating unique operation named: deleteUsingDELETE_31
2023-12-02 23:28:57.998 febs [restartedMain] INFO  s.d.s.w.r.o.CachingOperationNameGenerator - Generating unique operation named: detailUsingGET_44
2023-12-02 23:28:57.999 febs [restartedMain] INFO  s.d.s.w.r.o.CachingOperationNameGenerator - Generating unique operation named: listUsingGET_18
2023-12-02 23:28:58.000 febs [restartedMain] INFO  s.d.s.w.r.o.CachingOperationNameGenerator - Generating unique operation named: updateUsingPUT_40
2023-12-02 23:28:58.001 febs [restartedMain] INFO  s.d.s.w.r.o.CachingOperationNameGenerator - Generating unique operation named: addUsingPOST_36
2023-12-02 23:28:58.001 febs [restartedMain] INFO  s.d.s.w.r.o.CachingOperationNameGenerator - Generating unique operation named: deleteUsingDELETE_32
2023-12-02 23:28:58.002 febs [restartedMain] INFO  s.d.s.w.r.o.CachingOperationNameGenerator - Generating unique operation named: detailUsingGET_45
2023-12-02 23:28:58.004 febs [restartedMain] INFO  s.d.s.w.r.o.CachingOperationNameGenerator - Generating unique operation named: listUsingGET_19
2023-12-02 23:28:58.004 febs [restartedMain] INFO  s.d.s.w.r.o.CachingOperationNameGenerator - Generating unique operation named: updateUsingPUT_41
2023-12-02 23:28:58.006 febs [restartedMain] INFO  s.d.s.w.r.o.CachingOperationNameGenerator - Generating unique operation named: addUsingPOST_37
2023-12-02 23:28:58.006 febs [restartedMain] INFO  s.d.s.w.r.o.CachingOperationNameGenerator - Generating unique operation named: deleteUsingDELETE_33
2023-12-02 23:28:58.007 febs [restartedMain] INFO  s.d.s.w.r.o.CachingOperationNameGenerator - Generating unique operation named: detailUsingGET_46
2023-12-02 23:28:58.009 febs [restartedMain] INFO  s.d.s.w.r.o.CachingOperationNameGenerator - Generating unique operation named: listUsingGET_20
2023-12-02 23:28:58.010 febs [restartedMain] INFO  s.d.s.w.r.o.CachingOperationNameGenerator - Generating unique operation named: updateUsingPUT_42
2023-12-02 23:28:58.029 febs [restartedMain] INFO  s.d.s.w.r.o.CachingOperationNameGenerator - Generating unique operation named: addUsingPOST_38
2023-12-02 23:28:58.030 febs [restartedMain] INFO  s.d.s.w.r.o.CachingOperationNameGenerator - Generating unique operation named: deleteUsingDELETE_34
2023-12-02 23:28:58.031 febs [restartedMain] INFO  s.d.s.w.r.o.CachingOperationNameGenerator - Generating unique operation named: detailUsingGET_47
2023-12-02 23:28:58.032 febs [restartedMain] INFO  s.d.s.w.r.o.CachingOperationNameGenerator - Generating unique operation named: pageUsingGET_37
2023-12-02 23:28:58.032 febs [restartedMain] INFO  s.d.s.w.r.o.CachingOperationNameGenerator - Generating unique operation named: updateUsingPUT_43
2023-12-02 23:28:58.034 febs [restartedMain] INFO  s.d.s.w.r.o.CachingOperationNameGenerator - Generating unique operation named: provinceUsingGET_1
2023-12-02 23:28:58.038 febs [restartedMain] INFO  s.d.s.w.r.o.CachingOperationNameGenerator - Generating unique operation named: addMenuUsingPOST_1
2023-12-02 23:28:58.043 febs [restartedMain] INFO  s.d.s.w.r.o.CachingOperationNameGenerator - Generating unique operation named: addUsingPOST_39
2023-12-02 23:28:58.043 febs [restartedMain] INFO  s.d.s.w.r.o.CachingOperationNameGenerator - Generating unique operation named: changeStatusUsingPUT_16
2023-12-02 23:28:58.045 febs [restartedMain] INFO  s.d.s.w.r.o.CachingOperationNameGenerator - Generating unique operation named: detailUsingGET_48
2023-12-02 23:28:58.045 febs [restartedMain] INFO  s.d.s.w.r.o.CachingOperationNameGenerator - Generating unique operation named: pageUsingGET_38
2023-12-02 23:28:58.045 febs [restartedMain] INFO  s.d.s.w.r.o.CachingOperationNameGenerator - Generating unique operation named: updateUsingPUT_44
2023-12-02 23:28:58.047 febs [restartedMain] INFO  s.d.s.w.r.o.CachingOperationNameGenerator - Generating unique operation named: addUsingPOST_40
2023-12-02 23:28:58.047 febs [restartedMain] INFO  s.d.s.w.r.o.CachingOperationNameGenerator - Generating unique operation named: deleteUsingDELETE_35
2023-12-02 23:28:58.048 febs [restartedMain] INFO  s.d.s.w.r.o.CachingOperationNameGenerator - Generating unique operation named: detailUsingGET_49
2023-12-02 23:28:58.049 febs [restartedMain] INFO  s.d.s.w.r.o.CachingOperationNameGenerator - Generating unique operation named: pageUsingGET_39
2023-12-02 23:28:58.049 febs [restartedMain] INFO  s.d.s.w.r.o.CachingOperationNameGenerator - Generating unique operation named: updateUsingPUT_45
2023-12-02 23:28:58.053 febs [restartedMain] INFO  s.d.s.w.r.o.CachingOperationNameGenerator - Generating unique operation named: addUserUsingPOST_1
2023-12-02 23:28:58.053 febs [restartedMain] INFO  s.d.s.w.r.o.CachingOperationNameGenerator - Generating unique operation named: checkPasswordUsingGET_1
2023-12-02 23:28:58.054 febs [restartedMain] INFO  s.d.s.w.r.o.CachingOperationNameGenerator - Generating unique operation named: checkUserNameUsingGET_1
2023-12-02 23:28:58.054 febs [restartedMain] INFO  s.d.s.w.r.o.CachingOperationNameGenerator - Generating unique operation named: deleteUsersUsingDELETE_1
2023-12-02 23:28:58.055 febs [restartedMain] INFO  s.d.s.w.r.o.CachingOperationNameGenerator - Generating unique operation named: detailUsingGET_50
2023-12-02 23:28:58.055 febs [restartedMain] INFO  s.d.s.w.r.o.CachingOperationNameGenerator - Generating unique operation named: detailUsingGET_51
2023-12-02 23:28:58.056 febs [restartedMain] INFO  s.d.s.w.r.o.CachingOperationNameGenerator - Generating unique operation named: getCurrentUserInfoUsingGET_1
2023-12-02 23:28:58.056 febs [restartedMain] INFO  s.d.s.w.r.o.CachingOperationNameGenerator - Generating unique operation named: resetPasswordUsingPUT_1
2023-12-02 23:28:58.057 febs [restartedMain] INFO  s.d.s.w.r.o.CachingOperationNameGenerator - Generating unique operation named: updataStatusUsingPUT_1
2023-12-02 23:28:58.058 febs [restartedMain] INFO  s.d.s.w.r.o.CachingOperationNameGenerator - Generating unique operation named: updatePasswordUsingPUT_1
2023-12-02 23:28:58.058 febs [restartedMain] INFO  s.d.s.w.r.o.CachingOperationNameGenerator - Generating unique operation named: updatePasswordUsingPUT_2
2023-12-02 23:28:58.059 febs [restartedMain] INFO  s.d.s.w.r.o.CachingOperationNameGenerator - Generating unique operation named: updatePasswordUsingPUT_3
2023-12-02 23:28:58.059 febs [restartedMain] INFO  s.d.s.w.r.o.CachingOperationNameGenerator - Generating unique operation named: updateUserUsingPUT_1
2023-12-02 23:28:58.060 febs [restartedMain] INFO  s.d.s.w.r.o.CachingOperationNameGenerator - Generating unique operation named: userListUsingGET_1
2023-12-02 23:28:58.061 febs [restartedMain] INFO  s.d.s.w.r.o.CachingOperationNameGenerator - Generating unique operation named: addUsingPOST_41
2023-12-02 23:28:58.062 febs [restartedMain] INFO  s.d.s.w.r.o.CachingOperationNameGenerator - Generating unique operation named: deleteUsingDELETE_36
2023-12-02 23:28:58.063 febs [restartedMain] INFO  s.d.s.w.r.o.CachingOperationNameGenerator - Generating unique operation named: detailUsingGET_52
2023-12-02 23:28:58.063 febs [restartedMain] INFO  s.d.s.w.r.o.CachingOperationNameGenerator - Generating unique operation named: listUsingGET_21
2023-12-02 23:28:58.063 febs [restartedMain] INFO  s.d.s.w.r.o.CachingOperationNameGenerator - Generating unique operation named: pageUsingGET_40
2023-12-02 23:28:58.064 febs [restartedMain] INFO  s.d.s.w.r.o.CachingOperationNameGenerator - Generating unique operation named: updateUsingPUT_46
2023-12-02 23:28:58.072 febs [restartedMain] INFO  o.s.s.quartz.SchedulerFactoryBean - Starting Quartz Scheduler now
2023-12-02 23:28:58.072 febs [restartedMain] INFO  org.quartz.core.QuartzScheduler - Scheduler quartzScheduler_$_NON_CLUSTERED started.
2023-12-02 23:28:58.102 febs [restartedMain] INFO  org.xnio - XNIO version 3.3.8.Final
2023-12-02 23:28:58.108 febs [restartedMain] INFO  org.xnio.nio - XNIO NIO Implementation Version 3.3.8.Final
2023-12-02 23:28:58.159 febs [restartedMain] INFO  o.s.b.w.e.u.UndertowServletWebServer - Undertow started on port(s) 8100 (http) with context path ''
2023-12-02 23:28:58.160 febs [restartedMain] INFO  c.u.j.c.RefreshScopeRefreshedEventListener - Refreshing cached encryptable property sources on ServletWebServerInitializedEvent
2023-12-02 23:28:58.160 febs [restartedMain] INFO  c.u.j.c.CachingDelegateEncryptablePropertySource - Property Source systemProperties refreshed
2023-12-02 23:28:58.160 febs [restartedMain] INFO  c.u.j.c.CachingDelegateEncryptablePropertySource - Property Source systemEnvironment refreshed
2023-12-02 23:28:58.160 febs [restartedMain] INFO  c.u.j.c.CachingDelegateEncryptablePropertySource - Property Source random refreshed
2023-12-02 23:28:58.160 febs [restartedMain] INFO  c.u.j.c.CachingDelegateEncryptablePropertySource - Property Source applicationConfig: [classpath:/application-dev.yml] refreshed
2023-12-02 23:28:58.160 febs [restartedMain] INFO  c.u.j.c.CachingDelegateEncryptablePropertySource - Property Source applicationConfig: [classpath:/application.yml] refreshed
2023-12-02 23:28:58.160 febs [restartedMain] INFO  c.u.j.c.CachingDelegateEncryptablePropertySource - Property Source devtools refreshed
2023-12-02 23:28:58.160 febs [restartedMain] INFO  c.u.j.EncryptablePropertySourceConverter - Skipping PropertySource configurationProperties [class org.springframework.boot.context.properties.source.ConfigurationPropertySourcesPropertySource
2023-12-02 23:28:58.160 febs [restartedMain] INFO  c.u.j.EncryptablePropertySourceConverter - Skipping PropertySource servletConfigInitParams [class org.springframework.core.env.PropertySource$StubPropertySource
2023-12-02 23:28:58.161 febs [restartedMain] INFO  c.u.j.EncryptablePropertySourceConverter - Converting PropertySource servletContextInitParams [org.springframework.web.context.support.ServletContextPropertySource] to EncryptableEnumerablePropertySourceWrapper
2023-12-02 23:28:58.161 febs [restartedMain] INFO  c.u.j.EncryptablePropertySourceConverter - Converting PropertySource Management Server [org.springframework.boot.actuate.autoconfigure.web.server.ManagementContextAutoConfiguration$SameManagementContextConfiguration$1] to EncryptablePropertySourceWrapper
2023-12-02 23:28:58.162 febs [restartedMain] INFO  com.moil.hafen.HaFenApplication - Started HaFenApplication in 11.242 seconds (JVM running for 21.603)
2023-12-02 23:28:58.165 febs [restartedMain] INFO  c.m.h.common.runner.StartedUpRunner -  __    ___   _      ___   _     ____ _____  ____ 
2023-12-02 23:28:58.165 febs [restartedMain] INFO  c.m.h.common.runner.StartedUpRunner - / /`  / / \ | |\/| | |_) | |   | |_   | |  | |_  
2023-12-02 23:28:58.165 febs [restartedMain] INFO  c.m.h.common.runner.StartedUpRunner - \_\_, \_\_/ |_|  | |_|   |_|__ |_|__  |_|  |_|__ 
2023-12-02 23:28:58.165 febs [restartedMain] INFO  c.m.h.common.runner.StartedUpRunner -                                                       
2023-12-02 23:28:58.165 febs [restartedMain] INFO  c.m.h.common.runner.StartedUpRunner - FEBS 2023-12-02T23:28:58.165
2023-12-02 23:28:58.622 febs [RMI TCP Connection(3)-192.168.1.105] INFO  io.undertow.servlet - Initializing Spring DispatcherServlet 'dispatcherServlet'
2023-12-02 23:28:58.622 febs [RMI TCP Connection(3)-192.168.1.105] INFO  o.s.web.servlet.DispatcherServlet - Initializing Servlet 'dispatcherServlet'
2023-12-02 23:28:58.638 febs [RMI TCP Connection(3)-192.168.1.105] INFO  o.s.web.servlet.DispatcherServlet - Completed initialization in 16 ms
2023-12-02 23:29:19.927 febs [RMI TCP Connection(5)-192.168.1.105] INFO  p6spy - 2023-12-02 23:29:19 |  6 ms | SQL 
select 1;
